2020-05-11 21:12:20,901 INFO  DownloadService - Downloading "https://github.com/AgnaldoNP/PreviewImageCollection/archive/master.zip", attempt 3
2020-05-11 21:12:30,532 INFO  DownloadService - Downloaded https://github.com/AgnaldoNP/PreviewImageCollection/archive/master.zip, attempt 3
2020-05-11 21:12:30,532 INFO  DownloadService - Size of file "/var/folders/bq/vtzpc5ns5sg2cthy61lqpg3dfzgbys/T/1589206340897-0/master.zip": 8 MB
2020-05-11 21:12:30,532 INFO  ArchiveUtils - Checking entries [.gradle] in ZIP file...
2020-05-11 21:12:30,538 INFO  ArchiveUtils - Has entries [.gradle] in ZIP file /var/folders/bq/vtzpc5ns5sg2cthy61lqpg3dfzgbys/T/1589206340897-0/master.zip: true
2020-05-11 21:12:30,538 DEBUG ZipUtil - Extracting '/var/folders/bq/vtzpc5ns5sg2cthy61lqpg3dfzgbys/T/1589206340897-0/master.zip' into '/var/folders/bq/vtzpc5ns5sg2cthy61lqpg3dfzgbys/T/1589206340897-0/src'.
2020-05-11 21:12:30,627 INFO  FullProcessService - Size of directory with sources: 9 MB
2020-05-11 21:12:30,627 INFO  SysUtils - Execute command: [git, init, /var/folders/bq/vtzpc5ns5sg2cthy61lqpg3dfzgbys/T/1589206340897-0/src]
2020-05-11 21:12:30,647 INFO  SysUtils - Initialized empty Git repository in /private/var/folders/bq/vtzpc5ns5sg2cthy61lqpg3dfzgbys/T/1589206340897-0/src/.git/

2020-05-11 21:12:30,651 INFO  ProjectBuildService - Gradle wrapper(s): /var/folders/bq/vtzpc5ns5sg2cthy61lqpg3dfzgbys/T/1589206340897-0/src/PreviewImageCollection-master/gradlew
2020-05-11 21:12:30,655 INFO  ProjectBuildService - Build script(s): /var/folders/bq/vtzpc5ns5sg2cthy61lqpg3dfzgbys/T/1589206340897-0/src/PreviewImageCollection-master/app/build.gradle /var/folders/bq/vtzpc5ns5sg2cthy61lqpg3dfzgbys/T/1589206340897-0/src/PreviewImageCollection-master/previewimgcol/build.gradle /var/folders/bq/vtzpc5ns5sg2cthy61lqpg3dfzgbys/T/1589206340897-0/src/PreviewImageCollection-master/build.gradle
2020-05-11 21:12:30,659 INFO  ProjectBuildService - All script(s): /var/folders/bq/vtzpc5ns5sg2cthy61lqpg3dfzgbys/T/1589206340897-0/src/PreviewImageCollection-master/app/build.gradle /var/folders/bq/vtzpc5ns5sg2cthy61lqpg3dfzgbys/T/1589206340897-0/src/PreviewImageCollection-master/build.gradle /var/folders/bq/vtzpc5ns5sg2cthy61lqpg3dfzgbys/T/1589206340897-0/src/PreviewImageCollection-master/settings.gradle /var/folders/bq/vtzpc5ns5sg2cthy61lqpg3dfzgbys/T/1589206340897-0/src/PreviewImageCollection-master/previewimgcol/build.gradle
2020-05-11 21:12:30,659 INFO  ProjectBuildService - Remote scripts: none
2020-05-11 21:12:30,659 INFO  ProjectFixService - Fixing project...
2020-05-11 21:12:30,668 INFO  LocalPropertiesFixService - Created fake /var/folders/bq/vtzpc5ns5sg2cthy61lqpg3dfzgbys/T/1589206340897-0/src/PreviewImageCollection-master/app/local.properties
2020-05-11 21:12:30,669 INFO  ProjectFixService - Build info for "/var/folders/bq/vtzpc5ns5sg2cthy61lqpg3dfzgbys/T/1589206340897-0/src/PreviewImageCollection-master/app/build.gradle": [buildToolsVersion=29.0.1,compileSdkVersion=28,minSdkVersion=21,targetSdkVersion=28]
2020-05-11 21:12:30,669 INFO  LocalPropertiesFixService - Created fake /var/folders/bq/vtzpc5ns5sg2cthy61lqpg3dfzgbys/T/1589206340897-0/src/PreviewImageCollection-master/previewimgcol/local.properties
2020-05-11 21:12:30,670 INFO  ProjectFixService - Build info for "/var/folders/bq/vtzpc5ns5sg2cthy61lqpg3dfzgbys/T/1589206340897-0/src/PreviewImageCollection-master/previewimgcol/build.gradle": [buildToolsVersion=29.0.1,compileSdkVersion=28,minSdkVersion=21,targetSdkVersion=28]
2020-05-11 21:12:30,670 INFO  LocalPropertiesFixService - Created fake /var/folders/bq/vtzpc5ns5sg2cthy61lqpg3dfzgbys/T/1589206340897-0/src/PreviewImageCollection-master/local.properties
2020-05-11 21:12:30,671 INFO  WrapperPropertiesFixService - Gradle wrapper: https://services.gradle.org/distributions/gradle-5.6.4-all.zip
2020-05-11 21:12:30,671 INFO  WrapperPropertiesFixService - Gradle wrapper was changed from "-all.zip" to "-bin.zip" (https://services.gradle.org/distributions/gradle-5.6.4-bin.zip)
2020-05-11 21:12:30,672 INFO  ProjectFixService - Build info for "/var/folders/bq/vtzpc5ns5sg2cthy61lqpg3dfzgbys/T/1589206340897-0/src/PreviewImageCollection-master/build.gradle": [buildToolsVersion=29.0.1,compileSdkVersion=28,minSdkVersion=21,targetSdkVersion=28]
2020-05-11 21:12:30,672 INFO  ProjectFixService - Project was maybe fixed
2020-05-11 21:12:30,672 INFO  ProjectTaskService - Detecting possible tasks...
2020-05-11 21:12:30,672 INFO  SysUtils - Execute command: [/var/folders/bq/vtzpc5ns5sg2cthy61lqpg3dfzgbys/T/1589206340897-0/src/PreviewImageCollection-master/gradlew, -b, /var/folders/bq/vtzpc5ns5sg2cthy61lqpg3dfzgbys/T/1589206340897-0/src/PreviewImageCollection-master/app/build.gradle, -Dorg.gradle.daemon=false, -Dorg.gradle.daemon.performance.enable-monitoring=false, -Dorg.gradle.configureondemand=true, tasks]
2020-05-11 21:12:33,894 INFO  VirusProcessorServiceImpl - Queued project 7940 to scan viruses
2020-05-11 21:12:36,932 INFO  ProjectTaskService - Detected possible tasks: 66
2020-05-11 21:12:36,932 INFO  ProjectTaskService - Excluded tasks (18): lintDebug deviceCheck lint testReleaseUnitTest uninstallRelease deviceAndroidTest uninstallDebugAndroidTest installDebugAndroidTest connectedCheck connectedDebugAndroidTest uninstallAll test check testDebugUnitTest connectedAndroidTest installDebug lintRelease uninstallDebug
2020-05-11 21:12:36,933 INFO  SysUtils - Execute command: [/var/folders/bq/vtzpc5ns5sg2cthy61lqpg3dfzgbys/T/1589206340897-0/src/PreviewImageCollection-master/gradlew, -b, /var/folders/bq/vtzpc5ns5sg2cthy61lqpg3dfzgbys/T/1589206340897-0/src/PreviewImageCollection-master/app/build.gradle, -Dorg.gradle.daemon=false, -Dorg.gradle.daemon.performance.enable-monitoring=false, -Dorg.gradle.configureondemand=true, --stacktrace, -x, lintDebug, -x, deviceCheck, -x, lint, -x, testReleaseUnitTest, -x, uninstallRelease, -x, deviceAndroidTest, -x, uninstallDebugAndroidTest, -x, installDebugAndroidTest, -x, connectedCheck, -x, connectedDebugAndroidTest, -x, uninstallAll, -x, test, -x, check, -x, testDebugUnitTest, -x, connectedAndroidTest, -x, installDebug, -x, lintRelease, -x, uninstallDebug, build]
2020-05-11 21:13:45,922 ERROR SysUtils - Could not process external command
org.apache.commons.exec.ExecuteException: Process exited with an error: 1 (Exit value: 1)
	at org.apache.commons.exec.DefaultExecutor.executeInternal(DefaultExecutor.java:404)
	at org.apache.commons.exec.DefaultExecutor.execute(DefaultExecutor.java:166)
	at com.github.vbauer.apkmaster.util.SysUtils.execute(SysUtils.java:67)
	at com.github.vbauer.apkmaster.util.SysUtils.executeSimple(SysUtils.java:43)
	at com.github.vbauer.apkmaster.service.assembly.ProjectBuildService.buildProject(ProjectBuildService.java:78)
	at com.github.vbauer.apkmaster.service.assembly.ProjectBuildService.buildProject(ProjectBuildService.java:64)
	at com.github.vbauer.apkmaster.service.assembly.ProjectBuildService.buildProject(ProjectBuildService.java:43)
	at com.github.vbauer.apkmaster.service.FullProcessService.build(FullProcessService.java:84)
	at com.github.vbauer.apkmaster.service.FullProcessService.process(FullProcessService.java:34)
	at com.github.vbauer.apkmaster.app.MainApplication.process(MainApplication.java:38)
	at com.github.vbauer.apkmaster.app.MainApplication.main(MainApplication.java:20)
	at sun.reflect.NativeMethodAccessorImpl.invoke0(Native Method)
	at sun.reflect.NativeMethodAccessorImpl.invoke(NativeMethodAccessorImpl.java:62)
	at sun.reflect.DelegatingMethodAccessorImpl.invoke(DelegatingMethodAccessorImpl.java:43)
	at java.lang.reflect.Method.invoke(Method.java:498)
	at com.android.arsenal.util.ReflectionUtils.invoke(ReflectionUtils.java:42)
	at com.android.arsenal.util.ApkMasterUtils.main(ApkMasterUtils.java:30)
	at com.android.arsenal.service.processor.impl.BuildProcessorServiceImpl.buildProject(BuildProcessorServiceImpl.java:197)
	at com.android.arsenal.service.processor.impl.BuildProcessorServiceImpl.build(BuildProcessorServiceImpl.java:131)
	at com.android.arsenal.service.processor.impl.BuildProcessorServiceImpl.lambda$createTasks$1(BuildProcessorServiceImpl.java:114)
	at java.util.concurrent.FutureTask.run(FutureTask.java:266)
	at java.util.concurrent.Executors$RunnableAdapter.call(Executors.java:511)
	at java.util.concurrent.FutureTask.run(FutureTask.java:266)
	at java.util.concurrent.ThreadPoolExecutor.runWorker(ThreadPoolExecutor.java:1149)
	at java.util.concurrent.ThreadPoolExecutor$Worker.run(ThreadPoolExecutor.java:624)
	at java.lang.Thread.run(Thread.java:748)
2020-05-11 21:13:45,922 INFO  SysUtils - Configuration on demand is an incubating feature.
> Task :app:preBuild UP-TO-DATE
> Task :app:preDebugBuild UP-TO-DATE
> Task :previewimgcol:preBuild UP-TO-DATE
> Task :previewimgcol:preDebugBuild UP-TO-DATE
> Task :previewimgcol:compileDebugAidl NO-SOURCE
> Task :app:compileDebugAidl NO-SOURCE
> Task :previewimgcol:packageDebugRenderscript NO-SOURCE
> Task :app:generateDebugBuildConfig
> Task :app:compileDebugRenderscript NO-SOURCE
> Task :app:mainApkListPersistenceDebug
> Task :app:generateDebugResValues
> Task :app:generateDebugResources
> Task :previewimgcol:generateDebugResValues
> Task :previewimgcol:compileDebugRenderscript NO-SOURCE
> Task :previewimgcol:generateDebugResources
> Task :previewimgcol:packageDebugResources
> Task :app:createDebugCompatibleScreenManifests
> Task :app:extractDeepLinksDebug
> Task :previewimgcol:extractDeepLinksDebug
> Task :previewimgcol:processDebugManifest
> Task :app:processDebugManifest
> Task :previewimgcol:compileDebugLibraryResources
> Task :previewimgcol:parseDebugLocalResources
> Task :app:mergeDebugResources
> Task :previewimgcol:generateDebugRFile
> Task :app:processDebugResources
> Task :previewimgcol:generateDebugBuildConfig
> Task :app:mergeDebugShaders
> Task :app:compileDebugShaders
> Task :app:generateDebugAssets
> Task :previewimgcol:mergeDebugShaders
> Task :previewimgcol:compileDebugShaders
> Task :previewimgcol:generateDebugAssets
> Task :previewimgcol:packageDebugAssets
> Task :app:mergeDebugAssets
> Task :previewimgcol:compileDebugKotlin
> Task :previewimgcol:javaPreCompileDebug
> Task :previewimgcol:compileDebugJavaWithJavac
> Task :app:processDebugJavaRes NO-SOURCE
> Task :previewimgcol:processDebugJavaRes NO-SOURCE
> Task :previewimgcol:bundleLibResDebug
> Task :previewimgcol:bundleLibCompileDebug

> Task :app:compileDebugKotlin
w: /private/var/folders/bq/vtzpc5ns5sg2cthy61lqpg3dfzgbys/T/1589206340897-0/src/PreviewImageCollection-master/app/src/main/java/pereira/agnaldo/previewimgcol/MainActivity.kt: (113, 50): Parameter 'buttonView' is never used, could be renamed to _
w: /private/var/folders/bq/vtzpc5ns5sg2cthy61lqpg3dfzgbys/T/1589206340897-0/src/PreviewImageCollection-master/app/src/main/java/pereira/agnaldo/previewimgcol/MainActivity.kt: (117, 57): Parameter 'buttonView' is never used, could be renamed to _
w: /private/var/folders/bq/vtzpc5ns5sg2cthy61lqpg3dfzgbys/T/1589206340897-0/src/PreviewImageCollection-master/app/src/main/java/pereira/agnaldo/previewimgcol/MainActivity.kt: (160, 60): Parameter 'bitmap' is never used, could be renamed to _
w: /private/var/folders/bq/vtzpc5ns5sg2cthy61lqpg3dfzgbys/T/1589206340897-0/src/PreviewImageCollection-master/app/src/main/java/pereira/agnaldo/previewimgcol/MainActivity.kt: (160, 77): Parameter 'imageView' is never used, could be renamed to _
w: /private/var/folders/bq/vtzpc5ns5sg2cthy61lqpg3dfzgbys/T/1589206340897-0/src/PreviewImageCollection-master/app/src/main/java/pereira/agnaldo/previewimgcol/MainActivity.kt: (179, 43): Parameter 'bitmaps' is never used, could be renamed to _

> Task :app:javaPreCompileDebug
> Task :app:compileDebugJavaWithJavac
> Task :app:compileDebugSources
> Task :app:mergeDebugJavaResource
> Task :app:checkDebugDuplicateClasses
> Task :app:desugarDebugFileDependencies
> Task :previewimgcol:bundleLibRuntimeDebug
> Task :app:dexBuilderDebug
> Task :app:mergeLibDexDebug
> Task :app:mergeDebugJniLibFolders
> Task :previewimgcol:mergeDebugJniLibFolders
> Task :app:validateSigningDebug
> Task :app:preReleaseBuild UP-TO-DATE
> Task :previewimgcol:preReleaseBuild UP-TO-DATE
> Task :previewimgcol:compileReleaseAidl NO-SOURCE
> Task :app:compileReleaseAidl NO-SOURCE
> Task :previewimgcol:packageReleaseRenderscript NO-SOURCE
> Task :app:compileReleaseRenderscript NO-SOURCE
> Task :app:generateReleaseBuildConfig
> Task :app:mainApkListPersistenceRelease
> Task :app:generateReleaseResValues
> Task :app:generateReleaseResources
> Task :previewimgcol:compileReleaseRenderscript NO-SOURCE
> Task :previewimgcol:generateReleaseResValues
> Task :previewimgcol:generateReleaseResources
> Task :previewimgcol:packageReleaseResources
> Task :app:createReleaseCompatibleScreenManifests
> Task :app:extractDeepLinksRelease
> Task :previewimgcol:extractDeepLinksRelease
> Task :app:mergeProjectDexDebug
> Task :previewimgcol:mergeDebugNativeLibs
> Task :previewimgcol:stripDebugDebugSymbols
> Task :previewimgcol:copyDebugJniLibsProjectOnly
> Task :previewimgcol:processReleaseManifest
> Task :app:processReleaseManifest
> Task :previewimgcol:generateReleaseBuildConfig
> Task :app:mergeReleaseResources
> Task :previewimgcol:parseReleaseLocalResources
> Task :previewimgcol:compileReleaseLibraryResources
> Task :previewimgcol:generateReleaseRFile
> Task :app:processReleaseResources
> Task :previewimgcol:compileReleaseKotlin
> Task :app:mergeExtDexDebug
> Task :app:mergeDebugNativeLibs
> Task :app:stripDebugDebugSymbols
> Task :app:packageDebug
> Task :app:assembleDebug
> Task :previewimgcol:javaPreCompileRelease
> Task :previewimgcol:compileReleaseJavaWithJavac
> Task :app:prepareLintJar
> Task :app:checkReleaseDuplicateClasses
> Task :previewimgcol:bundleLibCompileRelease

> Task :app:compileReleaseKotlin
w: /private/var/folders/bq/vtzpc5ns5sg2cthy61lqpg3dfzgbys/T/1589206340897-0/src/PreviewImageCollection-master/app/src/main/java/pereira/agnaldo/previewimgcol/MainActivity.kt: (113, 50): Parameter 'buttonView' is never used, could be renamed to _
w: /private/var/folders/bq/vtzpc5ns5sg2cthy61lqpg3dfzgbys/T/1589206340897-0/src/PreviewImageCollection-master/app/src/main/java/pereira/agnaldo/previewimgcol/MainActivity.kt: (117, 57): Parameter 'buttonView' is never used, could be renamed to _
w: /private/var/folders/bq/vtzpc5ns5sg2cthy61lqpg3dfzgbys/T/1589206340897-0/src/PreviewImageCollection-master/app/src/main/java/pereira/agnaldo/previewimgcol/MainActivity.kt: (160, 60): Parameter 'bitmap' is never used, could be renamed to _
w: /private/var/folders/bq/vtzpc5ns5sg2cthy61lqpg3dfzgbys/T/1589206340897-0/src/PreviewImageCollection-master/app/src/main/java/pereira/agnaldo/previewimgcol/MainActivity.kt: (160, 77): Parameter 'imageView' is never used, could be renamed to _
w: /private/var/folders/bq/vtzpc5ns5sg2cthy61lqpg3dfzgbys/T/1589206340897-0/src/PreviewImageCollection-master/app/src/main/java/pereira/agnaldo/previewimgcol/MainActivity.kt: (179, 43): Parameter 'bitmaps' is never used, could be renamed to _

> Task :previewimgcol:prepareLintJarForPublish
> Task :previewimgcol:bundleLibRuntimeRelease
> Task :app:javaPreCompileRelease
> Task :app:compileReleaseJavaWithJavac
> Task :app:compileReleaseSources
> Task :app:lintVitalRelease
> Task :app:dexBuilderRelease
> Task :app:desugarReleaseFileDependencies
> Task :app:mergeReleaseShaders
> Task :app:compileReleaseShaders
> Task :app:generateReleaseAssets
> Task :previewimgcol:mergeReleaseShaders
> Task :previewimgcol:compileReleaseShaders
> Task :previewimgcol:generateReleaseAssets
> Task :previewimgcol:packageReleaseAssets
> Task :app:mergeReleaseAssets
> Task :app:processReleaseJavaRes NO-SOURCE
> Task :previewimgcol:processReleaseJavaRes NO-SOURCE
> Task :previewimgcol:bundleLibResRelease
> Task :app:mergeReleaseJniLibFolders
> Task :previewimgcol:mergeReleaseJniLibFolders
> Task :previewimgcol:mergeReleaseNativeLibs
> Task :previewimgcol:stripReleaseDebugSymbols
> Task :previewimgcol:copyReleaseJniLibsProjectOnly
> Task :app:mergeReleaseJavaResource
> Task :app:mergeReleaseNativeLibs
> Task :app:stripReleaseDebugSymbols
> Task :app:mergeExtDexRelease

> Task :app:mergeDexRelease FAILED
/private/var/folders/bq/vtzpc5ns5sg2cthy61lqpg3dfzgbys/T/1589206340897-0/src/PreviewImageCollection-master/app/build/intermediates/project_dex_archive/release/out/pereira/agnaldo/previewimgcol/BuildConfig.dex: D8: Type pereira.agnaldo.previewimgcol.BuildConfig is defined multiple times: /private/var/folders/bq/vtzpc5ns5sg2cthy61lqpg3dfzgbys/T/1589206340897-0/src/PreviewImageCollection-master/app/build/intermediates/project_dex_archive/release/out/pereira/agnaldo/previewimgcol/BuildConfig.dex, /private/var/folders/bq/vtzpc5ns5sg2cthy61lqpg3dfzgbys/T/1589206340897-0/src/PreviewImageCollection-master/previewimgcol/build/.transforms/237caddea15294537c63467b36f9609b/classes/classes.dex
com.android.builder.dexing.DexArchiveMergerException: Error while merging dex archives: 
Learn how to resolve the issue at https://developer.android.com/studio/build/dependencies#duplicate_classes.
Type pereira.agnaldo.previewimgcol.BuildConfig is defined multiple times: /private/var/folders/bq/vtzpc5ns5sg2cthy61lqpg3dfzgbys/T/1589206340897-0/src/PreviewImageCollection-master/app/build/intermediates/project_dex_archive/release/out/pereira/agnaldo/previewimgcol/BuildConfig.dex, /private/var/folders/bq/vtzpc5ns5sg2cthy61lqpg3dfzgbys/T/1589206340897-0/src/PreviewImageCollection-master/previewimgcol/build/.transforms/237caddea15294537c63467b36f9609b/classes/classes.dex
	at com.android.builder.dexing.D8DexArchiveMerger.getExceptionToRethrow(D8DexArchiveMerger.java:132)
	at com.android.builder.dexing.D8DexArchiveMerger.mergeDexArchives(D8DexArchiveMerger.java:119)
	at com.android.build.gradle.internal.transforms.DexMergerTransformCallable.call(DexMergerTransformCallable.java:102)
	at com.android.build.gradle.internal.tasks.DexMergingTaskRunnable.run(DexMergingTask.kt:445)
	at com.android.build.gradle.internal.tasks.Workers$ActionFacade.run(Workers.kt:348)
	at org.gradle.workers.internal.AdapterWorkAction.execute(AdapterWorkAction.java:50)
	at org.gradle.workers.internal.DefaultWorkerServer.execute(DefaultWorkerServer.java:47)
	at org.gradle.workers.internal.NoIsolationWorkerFactory$1$1$1.create(NoIsolationWorkerFactory.java:65)
	at org.gradle.workers.internal.NoIsolationWorkerFactory$1$1$1.create(NoIsolationWorkerFactory.java:61)
	at org.gradle.internal.classloader.ClassLoaderUtils.executeInClassloader(ClassLoaderUtils.java:98)
	at org.gradle.workers.internal.NoIsolationWorkerFactory$1$1.execute(NoIsolationWorkerFactory.java:61)
	at org.gradle.workers.internal.AbstractWorker$1.call(AbstractWorker.java:44)
	at org.gradle.workers.internal.AbstractWorker$1.call(AbstractWorker.java:41)
	at org.gradle.internal.operations.DefaultBuildOperationExecutor$CallableBuildOperationWorker.execute(DefaultBuildOperationExecutor.java:416)
	at org.gradle.internal.operations.DefaultBuildOperationExecutor$CallableBuildOperationWorker.execute(DefaultBuildOperationExecutor.java:406)
	at org.gradle.internal.operations.DefaultBuildOperationExecutor$1.execute(DefaultBuildOperationExecutor.java:165)
	at org.gradle.internal.operations.DefaultBuildOperationExecutor.execute(DefaultBuildOperationExecutor.java:250)
	at org.gradle.internal.operations.DefaultBuildOperationExecutor.execute(DefaultBuildOperationExecutor.java:158)
	at org.gradle.internal.operations.DefaultBuildOperationExecutor.call(DefaultBuildOperationExecutor.java:102)
	at org.gradle.internal.operations.DelegatingBuildOperationExecutor.call(DelegatingBuildOperationExecutor.java:36)
	at org.gradle.workers.internal.AbstractWorker.executeWrappedInBuildOperation(AbstractWorker.java:41)
	at org.gradle.workers.internal.NoIsolationWorkerFactory$1.execute(NoIsolationWorkerFactory.java:56)
	at org.gradle.workers.internal.DefaultWorkerExecutor$3.call(DefaultWorkerExecutor.java:215)
	at org.gradle.workers.internal.DefaultWorkerExecutor$3.call(DefaultWorkerExecutor.java:210)
	at java.util.concurrent.FutureTask.run(FutureTask.java:266)
	at org.gradle.internal.work.DefaultConditionalExecutionQueue$ExecutionRunner.runExecution(DefaultConditionalExecutionQueue.java:215)
	at org.gradle.internal.work.DefaultConditionalExecutionQueue$ExecutionRunner.runBatch(DefaultConditionalExecutionQueue.java:164)
	at org.gradle.internal.work.DefaultConditionalExecutionQueue$ExecutionRunner.run(DefaultConditionalExecutionQueue.java:131)
	at java.util.concurrent.Executors$RunnableAdapter.call(Executors.java:511)
	at java.util.concurrent.FutureTask.run(FutureTask.java:266)
	at org.gradle.internal.concurrent.ExecutorPolicy$CatchAndRecordFailures.onExecute(ExecutorPolicy.java:64)
	at org.gradle.internal.concurrent.ManagedExecutorImpl$1.run(ManagedExecutorImpl.java:48)
	at java.util.concurrent.ThreadPoolExecutor.runWorker(ThreadPoolExecutor.java:1149)
	at java.util.concurrent.ThreadPoolExecutor$Worker.run(ThreadPoolExecutor.java:624)
	at org.gradle.internal.concurrent.ThreadFactoryImpl$ManagedThreadRunnable.run(ThreadFactoryImpl.java:56)
	at java.lang.Thread.run(Thread.java:748)
Caused by: com.android.tools.r8.CompilationFailedException: Compilation failed to complete
	at com.android.tools.r8.utils.O.a(:65)
	at com.android.tools.r8.D8.run(:11)
	at com.android.builder.dexing.D8DexArchiveMerger.mergeDexArchives(D8DexArchiveMerger.java:117)
	... 34 more
Caused by: com.android.tools.r8.utils.b: Error: /private/var/folders/bq/vtzpc5ns5sg2cthy61lqpg3dfzgbys/T/1589206340897-0/src/PreviewImageCollection-master/app/build/intermediates/project_dex_archive/release/out/pereira/agnaldo/previewimgcol/BuildConfig.dex, Type pereira.agnaldo.previewimgcol.BuildConfig is defined multiple times: /private/var/folders/bq/vtzpc5ns5sg2cthy61lqpg3dfzgbys/T/1589206340897-0/src/PreviewImageCollection-master/app/build/intermediates/project_dex_archive/release/out/pereira/agnaldo/previewimgcol/BuildConfig.dex, /private/var/folders/bq/vtzpc5ns5sg2cthy61lqpg3dfzgbys/T/1589206340897-0/src/PreviewImageCollection-master/previewimgcol/build/.transforms/237caddea15294537c63467b36f9609b/classes/classes.dex
	at com.android.tools.r8.utils.y0.a(:21)
	at com.android.tools.r8.utils.x0.a(:30)
	at com.android.tools.r8.utils.x0.a(:10)
	at java.util.concurrent.ConcurrentHashMap.merge(ConcurrentHashMap.java:1990)
	at com.android.tools.r8.utils.x0.a(:6)
	at com.android.tools.r8.graph.A0$c.a(:6)
	at com.android.tools.r8.dex.a.a(:85)
	at com.android.tools.r8.dex.a.a(:12)
	at com.android.tools.r8.D8.d(:6)
	at com.android.tools.r8.D8.b(:1)
	at com.android.tools.r8.utils.O.a(:30)
	... 36 more


FAILURE: Build failed with an exception.

* What went wrong:
Execution failed for task ':app:mergeDexRelease'.
> A failure occurred while executing com.android.build.gradle.internal.tasks.Workers$ActionFacade
   > com.android.builder.dexing.DexArchiveMergerException: Error while merging dex archives: 
     Learn how to resolve the issue at https://developer.android.com/studio/build/dependencies#duplicate_classes.
     Type pereira.agnaldo.previewimgcol.BuildConfig is defined multiple times: /private/var/folders/bq/vtzpc5ns5sg2cthy61lqpg3dfzgbys/T/1589206340897-0/src/PreviewImageCollection-master/app/build/intermediates/project_dex_archive/release/out/pereira/agnaldo/previewimgcol/BuildConfig.dex, /private/var/folders/bq/vtzpc5ns5sg2cthy61lqpg3dfzgbys/T/1589206340897-0/src/PreviewImageCollection-master/previewimgcol/build/.transforms/237caddea15294537c63467b36f9609b/classes/classes.dex

* Try:
Run with --info or --debug option to get more log output. Run with --scan to get full insights.

* Exception is:
org.gradle.api.tasks.TaskExecutionException: Execution failed for task ':app:mergeDexRelease'.
	at org.gradle.api.internal.tasks.execution.ExecuteActionsTaskExecuter$3.accept(ExecuteActionsTaskExecuter.java:166)
	at org.gradle.api.internal.tasks.execution.ExecuteActionsTaskExecuter$3.accept(ExecuteActionsTaskExecuter.java:163)
	at org.gradle.internal.Try$Failure.ifSuccessfulOrElse(Try.java:191)
	at org.gradle.api.internal.tasks.execution.ExecuteActionsTaskExecuter.execute(ExecuteActionsTaskExecuter.java:156)
	at org.gradle.api.internal.tasks.execution.ValidatingTaskExecuter.execute(ValidatingTaskExecuter.java:62)
	at org.gradle.api.internal.tasks.execution.SkipEmptySourceFilesTaskExecuter.execute(SkipEmptySourceFilesTaskExecuter.java:108)
	at org.gradle.api.internal.tasks.execution.ResolveBeforeExecutionOutputsTaskExecuter.execute(ResolveBeforeExecutionOutputsTaskExecuter.java:67)
	at org.gradle.api.internal.tasks.execution.ResolveAfterPreviousExecutionStateTaskExecuter.execute(ResolveAfterPreviousExecutionStateTaskExecuter.java:46)
	at org.gradle.api.internal.tasks.execution.CleanupStaleOutputsExecuter.execute(CleanupStaleOutputsExecuter.java:94)
	at org.gradle.api.internal.tasks.execution.FinalizePropertiesTaskExecuter.execute(FinalizePropertiesTaskExecuter.java:46)
	at org.gradle.api.internal.tasks.execution.ResolveTaskExecutionModeExecuter.execute(ResolveTaskExecutionModeExecuter.java:95)
	at org.gradle.api.internal.tasks.execution.SkipTaskWithNoActionsExecuter.execute(SkipTaskWithNoActionsExecuter.java:57)
	at org.gradle.api.internal.tasks.execution.SkipOnlyIfTaskExecuter.execute(SkipOnlyIfTaskExecuter.java:56)
	at org.gradle.api.internal.tasks.execution.CatchExceptionTaskExecuter.execute(CatchExceptionTaskExecuter.java:36)
	at org.gradle.api.internal.tasks.execution.EventFiringTaskExecuter$1.executeTask(EventFiringTaskExecuter.java:77)
	at org.gradle.api.internal.tasks.execution.EventFiringTaskExecuter$1.call(EventFiringTaskExecuter.java:55)
	at org.gradle.api.internal.tasks.execution.EventFiringTaskExecuter$1.call(EventFiringTaskExecuter.java:52)
	at org.gradle.internal.operations.DefaultBuildOperationExecutor$CallableBuildOperationWorker.execute(DefaultBuildOperationExecutor.java:416)
	at org.gradle.internal.operations.DefaultBuildOperationExecutor$CallableBuildOperationWorker.execute(DefaultBuildOperationExecutor.java:406)
	at org.gradle.internal.operations.DefaultBuildOperationExecutor$1.execute(DefaultBuildOperationExecutor.java:165)
	at org.gradle.internal.operations.DefaultBuildOperationExecutor.execute(DefaultBuildOperationExecutor.java:250)
	at org.gradle.internal.operations.DefaultBuildOperationExecutor.execute(DefaultBuildOperationExecutor.java:158)
	at org.gradle.internal.operations.DefaultBuildOperationExecutor.call(DefaultBuildOperationExecutor.java:102)
	at org.gradle.internal.operations.DelegatingBuildOperationExecutor.call(DelegatingBuildOperationExecutor.java:36)
	at org.gradle.api.internal.tasks.execution.EventFiringTaskExecuter.execute(EventFiringTaskExecuter.java:52)
	at org.gradle.execution.plan.LocalTaskNodeExecutor.execute(LocalTaskNodeExecutor.java:43)
	at org.gradle.execution.taskgraph.DefaultTaskExecutionGraph$InvokeNodeExecutorsAction.execute(DefaultTaskExecutionGraph.java:355)
	at org.gradle.execution.taskgraph.DefaultTaskExecutionGraph$InvokeNodeExecutorsAction.execute(DefaultTaskExecutionGraph.java:343)
	at org.gradle.execution.taskgraph.DefaultTaskExecutionGraph$BuildOperationAwareExecutionAction.execute(DefaultTaskExecutionGraph.java:336)
	at org.gradle.execution.taskgraph.DefaultTaskExecutionGraph$BuildOperationAwareExecutionAction.execute(DefaultTaskExecutionGraph.java:322)
	at org.gradle.execution.plan.DefaultPlanExecutor$ExecutorWorker$1.execute(DefaultPlanExecutor.java:134)
	at org.gradle.execution.plan.DefaultPlanExecutor$ExecutorWorker$1.execute(DefaultPlanExecutor.java:129)
	at org.gradle.execution.plan.DefaultPlanExecutor$ExecutorWorker.execute(DefaultPlanExecutor.java:202)
	at org.gradle.execution.plan.DefaultPlanExecutor$ExecutorWorker.executeNextNode(DefaultPlanExecutor.java:193)
	at org.gradle.execution.plan.DefaultPlanExecutor$ExecutorWorker.run(DefaultPlanExecutor.java:129)
	at org.gradle.internal.concurrent.ExecutorPolicy$CatchAndRecordFailures.onExecute(ExecutorPolicy.java:64)
	at org.gradle.internal.concurrent.ManagedExecutorImpl$1.run(ManagedExecutorImpl.java:48)
	at org.gradle.internal.concurrent.ThreadFactoryImpl$ManagedThreadRunnable.run(ThreadFactoryImpl.java:56)
Caused by: org.gradle.workers.internal.DefaultWorkerExecutor$WorkExecutionException: A failure occurred while executing com.android.build.gradle.internal.tasks.Workers$ActionFacade
	at org.gradle.workers.internal.DefaultWorkerExecutor$WorkItemExecution.waitForCompletion(DefaultWorkerExecutor.java:375)
	at org.gradle.internal.work.DefaultAsyncWorkTracker.waitForItemsAndGatherFailures(DefaultAsyncWorkTracker.java:142)
	at org.gradle.internal.work.DefaultAsyncWorkTracker.access$000(DefaultAsyncWorkTracker.java:34)
	at org.gradle.internal.work.DefaultAsyncWorkTracker$1.run(DefaultAsyncWorkTracker.java:106)
	at org.gradle.internal.Factories$1.create(Factories.java:26)
	at org.gradle.internal.work.DefaultWorkerLeaseService.withoutLocks(DefaultWorkerLeaseService.java:260)
	at org.gradle.internal.work.DefaultWorkerLeaseService.withoutProjectLock(DefaultWorkerLeaseService.java:171)
	at org.gradle.internal.work.DefaultWorkerLeaseService.withoutProjectLock(DefaultWorkerLeaseService.java:165)
	at org.gradle.internal.work.StopShieldingWorkerLeaseService.withoutProjectLock(StopShieldingWorkerLeaseService.java:95)
	at org.gradle.internal.work.DefaultAsyncWorkTracker.waitForItemsAndGatherFailures(DefaultAsyncWorkTracker.java:102)
	at org.gradle.internal.work.DefaultAsyncWorkTracker.waitForAll(DefaultAsyncWorkTracker.java:80)
	at org.gradle.internal.work.DefaultAsyncWorkTracker.waitForCompletion(DefaultAsyncWorkTracker.java:68)
	at org.gradle.api.internal.tasks.execution.ExecuteActionsTaskExecuter$5.run(ExecuteActionsTaskExecuter.java:484)
	at org.gradle.internal.operations.DefaultBuildOperationExecutor$RunnableBuildOperationWorker.execute(DefaultBuildOperationExecutor.java:402)
	at org.gradle.internal.operations.DefaultBuildOperationExecutor$RunnableBuildOperationWorker.execute(DefaultBuildOperationExecutor.java:394)
	at org.gradle.internal.operations.DefaultBuildOperationExecutor$1.execute(DefaultBuildOperationExecutor.java:165)
	at org.gradle.internal.operations.DefaultBuildOperationExecutor.execute(DefaultBuildOperationExecutor.java:250)
	at org.gradle.internal.operations.DefaultBuildOperationExecutor.execute(DefaultBuildOperationExecutor.java:158)
	at org.gradle.internal.operations.DefaultBuildOperationExecutor.run(DefaultBuildOperationExecutor.java:92)
	at org.gradle.internal.operations.DelegatingBuildOperationExecutor.run(DelegatingBuildOperationExecutor.java:31)
	at org.gradle.api.internal.tasks.execution.ExecuteActionsTaskExecuter.executeAction(ExecuteActionsTaskExecuter.java:461)
	at org.gradle.api.internal.tasks.execution.ExecuteActionsTaskExecuter.executeActions(ExecuteActionsTaskExecuter.java:444)
	at org.gradle.api.internal.tasks.execution.ExecuteActionsTaskExecuter.access$200(ExecuteActionsTaskExecuter.java:93)
	at org.gradle.api.internal.tasks.execution.ExecuteActionsTaskExecuter$TaskExecution.execute(ExecuteActionsTaskExecuter.java:237)
	at org.gradle.internal.execution.steps.ExecuteStep.lambda$execute$1(ExecuteStep.java:33)
	at org.gradle.internal.execution.steps.ExecuteStep.execute(ExecuteStep.java:33)
	at org.gradle.internal.execution.steps.ExecuteStep.execute(ExecuteStep.java:26)
	at org.gradle.internal.execution.steps.CleanupOutputsStep.execute(CleanupOutputsStep.java:58)
	at org.gradle.internal.execution.steps.CleanupOutputsStep.execute(CleanupOutputsStep.java:35)
	at org.gradle.internal.execution.steps.ResolveInputChangesStep.execute(ResolveInputChangesStep.java:48)
	at org.gradle.internal.execution.steps.ResolveInputChangesStep.execute(ResolveInputChangesStep.java:33)
	at org.gradle.internal.execution.steps.CancelExecutionStep.execute(CancelExecutionStep.java:39)
	at org.gradle.internal.execution.steps.TimeoutStep.executeWithoutTimeout(TimeoutStep.java:73)
	at org.gradle.internal.execution.steps.TimeoutStep.execute(TimeoutStep.java:54)
	at org.gradle.internal.execution.steps.CatchExceptionStep.execute(CatchExceptionStep.java:35)
	at org.gradle.internal.execution.steps.CreateOutputsStep.execute(CreateOutputsStep.java:51)
	at org.gradle.internal.execution.steps.SnapshotOutputsStep.execute(SnapshotOutputsStep.java:45)
	at org.gradle.internal.execution.steps.SnapshotOutputsStep.execute(SnapshotOutputsStep.java:31)
	at org.gradle.internal.execution.steps.CacheStep.executeWithoutCache(CacheStep.java:208)
	at org.gradle.internal.execution.steps.CacheStep.execute(CacheStep.java:70)
	at org.gradle.internal.execution.steps.CacheStep.execute(CacheStep.java:45)
	at org.gradle.internal.execution.steps.BroadcastChangingOutputsStep.execute(BroadcastChangingOutputsStep.java:49)
	at org.gradle.internal.execution.steps.StoreSnapshotsStep.execute(StoreSnapshotsStep.java:43)
	at org.gradle.internal.execution.steps.StoreSnapshotsStep.execute(StoreSnapshotsStep.java:32)
	at org.gradle.internal.execution.steps.RecordOutputsStep.execute(RecordOutputsStep.java:38)
	at org.gradle.internal.execution.steps.RecordOutputsStep.execute(RecordOutputsStep.java:24)
	at org.gradle.internal.execution.steps.SkipUpToDateStep.executeBecause(SkipUpToDateStep.java:96)
	at org.gradle.internal.execution.steps.SkipUpToDateStep.lambda$execute$0(SkipUpToDateStep.java:89)
	at org.gradle.internal.execution.steps.SkipUpToDateStep.execute(SkipUpToDateStep.java:54)
	at org.gradle.internal.execution.steps.SkipUpToDateStep.execute(SkipUpToDateStep.java:38)
	at org.gradle.internal.execution.steps.ResolveChangesStep.execute(ResolveChangesStep.java:76)
	at org.gradle.internal.execution.steps.ResolveChangesStep.execute(ResolveChangesStep.java:37)
	at org.gradle.internal.execution.steps.legacy.MarkSnapshottingInputsFinishedStep.execute(MarkSnapshottingInputsFinishedStep.java:36)
	at org.gradle.internal.execution.steps.legacy.MarkSnapshottingInputsFinishedStep.execute(MarkSnapshottingInputsFinishedStep.java:26)
	at org.gradle.internal.execution.steps.ResolveCachingStateStep.execute(ResolveCachingStateStep.java:90)
	at org.gradle.internal.execution.steps.ResolveCachingStateStep.execute(ResolveCachingStateStep.java:48)
	at org.gradle.internal.execution.steps.CaptureStateBeforeExecutionStep.execute(CaptureStateBeforeExecutionStep.java:69)
	at org.gradle.internal.execution.steps.CaptureStateBeforeExecutionStep.execute(CaptureStateBeforeExecutionStep.java:47)
	at org.gradle.internal.execution.impl.DefaultWorkExecutor.execute(DefaultWorkExecutor.java:33)
	at org.gradle.api.internal.tasks.execution.ExecuteActionsTaskExecuter.execute(ExecuteActionsTaskExecuter.java:140)
	... 34 more
Caused by: com.android.build.api.transform.TransformException: com.android.builder.dexing.DexArchiveMergerException: Error while merging dex archives: 
Learn how to resolve the issue at https://developer.android.com/studio/build/dependencies#duplicate_classes.
Type pereira.agnaldo.previewimgcol.BuildConfig is defined multiple times: /private/var/folders/bq/vtzpc5ns5sg2cthy61lqpg3dfzgbys/T/1589206340897-0/src/PreviewImageCollection-master/app/build/intermediates/project_dex_archive/release/out/pereira/agnaldo/previewimgcol/BuildConfig.dex, /private/var/folders/bq/vtzpc5ns5sg2cthy61lqpg3dfzgbys/T/1589206340897-0/src/PreviewImageCollection-master/previewimgcol/build/.transforms/237caddea15294537c63467b36f9609b/classes/classes.dex
	at com.android.build.gradle.internal.tasks.DexMergingTaskRunnable.run(DexMergingTask.kt:472)
	at com.android.build.gradle.internal.tasks.Workers$ActionFacade.run(Workers.kt:348)
	at org.gradle.workers.internal.AdapterWorkAction.execute(AdapterWorkAction.java:50)
	at org.gradle.workers.internal.DefaultWorkerServer.execute(DefaultWorkerServer.java:47)
	at org.gradle.workers.internal.NoIsolationWorkerFactory$1$1$1.create(NoIsolationWorkerFactory.java:65)
	at org.gradle.workers.internal.NoIsolationWorkerFactory$1$1$1.create(NoIsolationWorkerFactory.java:61)
	at org.gradle.internal.classloader.ClassLoaderUtils.executeInClassloader(ClassLoaderUtils.java:98)
	at org.gradle.workers.internal.NoIsolationWorkerFactory$1$1.execute(NoIsolationWorkerFactory.java:61)
	at org.gradle.workers.internal.AbstractWorker$1.call(AbstractWorker.java:44)
	at org.gradle.workers.internal.AbstractWorker$1.call(AbstractWorker.java:41)
	at org.gradle.internal.operations.DefaultBuildOperationExecutor$CallableBuildOperationWorker.execute(DefaultBuildOperationExecutor.java:416)
	at org.gradle.internal.operations.DefaultBuildOperationExecutor$CallableBuildOperationWorker.execute(DefaultBuildOperationExecutor.java:406)
	at org.gradle.internal.operations.DefaultBuildOperationExecutor$1.execute(DefaultBuildOperationExecutor.java:165)
	at org.gradle.internal.operations.DefaultBuildOperationExecutor.execute(DefaultBuildOperationExecutor.java:250)
	at org.gradle.internal.operations.DefaultBuildOperationExecutor.execute(DefaultBuildOperationExecutor.java:158)
	at org.gradle.internal.operations.DefaultBuildOperationExecutor.call(DefaultBuildOperationExecutor.java:102)
	at org.gradle.internal.operations.DelegatingBuildOperationExecutor.call(DelegatingBuildOperationExecutor.java:36)
	at org.gradle.workers.internal.AbstractWorker.executeWrappedInBuildOperation(AbstractWorker.java:41)
	at org.gradle.workers.internal.NoIsolationWorkerFactory$1.execute(NoIsolationWorkerFactory.java:56)
	at org.gradle.workers.internal.DefaultWorkerExecutor$3.call(DefaultWorkerExecutor.java:215)
	at org.gradle.workers.internal.DefaultWorkerExecutor$3.call(DefaultWorkerExecutor.java:210)
	at org.gradle.internal.work.DefaultConditionalExecutionQueue$ExecutionRunner.runExecution(DefaultConditionalExecutionQueue.java:215)
	at org.gradle.internal.work.DefaultConditionalExecutionQueue$ExecutionRunner.runBatch(DefaultConditionalExecutionQueue.java:164)
	at org.gradle.internal.work.DefaultConditionalExecutionQueue$ExecutionRunner.run(DefaultConditionalExecutionQueue.java:131)
	... 3 more
Caused by: com.android.builder.dexing.DexArchiveMergerException: Error while merging dex archives: 
Learn how to resolve the issue at https://developer.android.com/studio/build/dependencies#duplicate_classes.
Type pereira.agnaldo.previewimgcol.BuildConfig is defined multiple times: /private/var/folders/bq/vtzpc5ns5sg2cthy61lqpg3dfzgbys/T/1589206340897-0/src/PreviewImageCollection-master/app/build/intermediates/project_dex_archive/release/out/pereira/agnaldo/previewimgcol/BuildConfig.dex, /private/var/folders/bq/vtzpc5ns5sg2cthy61lqpg3dfzgbys/T/1589206340897-0/src/PreviewImageCollection-master/previewimgcol/build/.transforms/237caddea15294537c63467b36f9609b/classes/classes.dex
	at com.android.builder.dexing.D8DexArchiveMerger.getExceptionToRethrow(D8DexArchiveMerger.java:132)
	at com.android.builder.dexing.D8DexArchiveMerger.mergeDexArchives(D8DexArchiveMerger.java:119)
	at com.android.build.gradle.internal.transforms.DexMergerTransformCallable.call(DexMergerTransformCallable.java:102)
	at com.android.build.gradle.internal.tasks.DexMergingTaskRunnable.run(DexMergingTask.kt:445)
	... 26 more
Caused by: com.android.tools.r8.CompilationFailedException: Compilation failed to complete
	at com.android.tools.r8.utils.O.a(:65)
	at com.android.tools.r8.D8.run(:11)
	at com.android.builder.dexing.D8DexArchiveMerger.mergeDexArchives(D8DexArchiveMerger.java:117)
	... 28 more
Caused by: com.android.tools.r8.utils.b: Error: /private/var/folders/bq/vtzpc5ns5sg2cthy61lqpg3dfzgbys/T/1589206340897-0/src/PreviewImageCollection-master/app/build/intermediates/project_dex_archive/release/out/pereira/agnaldo/previewimgcol/BuildConfig.dex, Type pereira.agnaldo.previewimgcol.BuildConfig is defined multiple times: /private/var/folders/bq/vtzpc5ns5sg2cthy61lqpg3dfzgbys/T/1589206340897-0/src/PreviewImageCollection-master/app/build/intermediates/project_dex_archive/release/out/pereira/agnaldo/previewimgcol/BuildConfig.dex, /private/var/folders/bq/vtzpc5ns5sg2cthy61lqpg3dfzgbys/T/1589206340897-0/src/PreviewImageCollection-master/previewimgcol/build/.transforms/237caddea15294537c63467b36f9609b/classes/classes.dex
	at com.android.tools.r8.utils.y0.a(:21)
	at com.android.tools.r8.utils.x0.a(:30)
	at com.android.tools.r8.utils.x0.a(:10)
	at com.android.tools.r8.utils.x0.a(:6)
	at com.android.tools.r8.graph.A0$c.a(:6)
	at com.android.tools.r8.dex.a.a(:85)
	at com.android.tools.r8.dex.a.a(:12)
	at com.android.tools.r8.D8.d(:6)
	at com.android.tools.r8.D8.b(:1)
	at com.android.tools.r8.utils.O.a(:30)
	... 30 more


* Get more help at https://help.gradle.org

BUILD FAILED in 1m 8s
94 actionable tasks: 94 executed

2020-05-11 21:13:45,985 INFO  FullProcessService - Found APK file: /var/folders/bq/vtzpc5ns5sg2cthy61lqpg3dfzgbys/T/1589206340897-0/src/PreviewImageCollection-master/app/build/outputs/apk/debug/app-debug.apk
