2019-12-28 19:31:52,480 INFO  DownloadService - Downloading "https://github.com/Hardik8184/ClickShrinkEffect/archive/master.zip", attempt 3
2019-12-28 19:31:55,370 INFO  DownloadService - Downloaded https://github.com/Hardik8184/ClickShrinkEffect/archive/master.zip, attempt 3
2019-12-28 19:31:55,371 INFO  DownloadService - Size of file "/var/folders/bq/vtzpc5ns5sg2cthy61lqpg3dfzgbys/T/1577536312475-0/master.zip": 1 MB
2019-12-28 19:31:55,371 INFO  ArchiveUtils - Checking entries [.gradle] in ZIP file...
2019-12-28 19:31:55,371 INFO  ArchiveUtils - Has entries [.gradle] in ZIP file /var/folders/bq/vtzpc5ns5sg2cthy61lqpg3dfzgbys/T/1577536312475-0/master.zip: true
2019-12-28 19:31:55,372 DEBUG ZipUtil - Extracting '/var/folders/bq/vtzpc5ns5sg2cthy61lqpg3dfzgbys/T/1577536312475-0/master.zip' into '/var/folders/bq/vtzpc5ns5sg2cthy61lqpg3dfzgbys/T/1577536312475-0/src'.
2019-12-28 19:31:55,400 INFO  FullProcessService - Size of directory with sources: 1 MB
2019-12-28 19:31:55,400 INFO  SysUtils - Execute command: [git, init, /var/folders/bq/vtzpc5ns5sg2cthy61lqpg3dfzgbys/T/1577536312475-0/src]
2019-12-28 19:31:55,430 INFO  SysUtils - Initialized empty Git repository in /private/var/folders/bq/vtzpc5ns5sg2cthy61lqpg3dfzgbys/T/1577536312475-0/src/.git/

2019-12-28 19:31:55,433 INFO  ProjectBuildService - Gradle wrapper(s): /var/folders/bq/vtzpc5ns5sg2cthy61lqpg3dfzgbys/T/1577536312475-0/src/ClickShrinkEffect-master/gradlew
2019-12-28 19:31:55,436 INFO  ProjectBuildService - Build script(s): /var/folders/bq/vtzpc5ns5sg2cthy61lqpg3dfzgbys/T/1577536312475-0/src/ClickShrinkEffect-master/app/build.gradle /var/folders/bq/vtzpc5ns5sg2cthy61lqpg3dfzgbys/T/1577536312475-0/src/ClickShrinkEffect-master/shrinkeffect/build.gradle /var/folders/bq/vtzpc5ns5sg2cthy61lqpg3dfzgbys/T/1577536312475-0/src/ClickShrinkEffect-master/build.gradle
2019-12-28 19:31:55,439 INFO  ProjectBuildService - All script(s): /var/folders/bq/vtzpc5ns5sg2cthy61lqpg3dfzgbys/T/1577536312475-0/src/ClickShrinkEffect-master/app/build.gradle /var/folders/bq/vtzpc5ns5sg2cthy61lqpg3dfzgbys/T/1577536312475-0/src/ClickShrinkEffect-master/build.gradle /var/folders/bq/vtzpc5ns5sg2cthy61lqpg3dfzgbys/T/1577536312475-0/src/ClickShrinkEffect-master/settings.gradle /var/folders/bq/vtzpc5ns5sg2cthy61lqpg3dfzgbys/T/1577536312475-0/src/ClickShrinkEffect-master/shrinkeffect/build.gradle
2019-12-28 19:31:55,448 INFO  DownloadService - Downloading "https://raw.githubusercontent.com/Hardik8184/JCenter-Gradle-Scripts/master/bintray.gradle", attempt 3
2019-12-28 19:31:56,014 INFO  DownloadService - Downloaded https://raw.githubusercontent.com/Hardik8184/JCenter-Gradle-Scripts/master/bintray.gradle, attempt 3
2019-12-28 19:31:56,014 INFO  DownloadService - Downloading "https://raw.githubusercontent.com/Hardik8184/JCenter-Gradle-Scripts/master/install.gradle", attempt 3
2019-12-28 19:31:56,253 INFO  DownloadService - Downloaded https://raw.githubusercontent.com/Hardik8184/JCenter-Gradle-Scripts/master/install.gradle, attempt 3
2019-12-28 19:31:56,253 INFO  ProjectBuildService - Remote scripts: https://raw.githubusercontent.com/Hardik8184/JCenter-Gradle-Scripts/master/bintray.gradle https://raw.githubusercontent.com/Hardik8184/JCenter-Gradle-Scripts/master/install.gradle
2019-12-28 19:31:56,253 INFO  ProjectFixService - Fixing project...
2019-12-28 19:31:56,262 INFO  LocalPropertiesFixService - Created fake /var/folders/bq/vtzpc5ns5sg2cthy61lqpg3dfzgbys/T/1577536312475-0/src/ClickShrinkEffect-master/app/local.properties
2019-12-28 19:31:56,263 INFO  ProjectFixService - Build info for "/var/folders/bq/vtzpc5ns5sg2cthy61lqpg3dfzgbys/T/1577536312475-0/src/ClickShrinkEffect-master/app/build.gradle": [buildToolsVersion=<null>,compileSdkVersion=29,minSdkVersion=16,targetSdkVersion=29]
2019-12-28 19:31:56,264 INFO  ProjectFixService - Fixed build info for "/var/folders/bq/vtzpc5ns5sg2cthy61lqpg3dfzgbys/T/1577536312475-0/src/ClickShrinkEffect-master/app/build.gradle": [buildToolsVersion=28.0.0-rc2,compileSdkVersion=29,minSdkVersion=16,targetSdkVersion=29]
2019-12-28 19:31:56,265 INFO  LocalPropertiesFixService - Created fake /var/folders/bq/vtzpc5ns5sg2cthy61lqpg3dfzgbys/T/1577536312475-0/src/ClickShrinkEffect-master/shrinkeffect/local.properties
2019-12-28 19:31:56,266 INFO  ProjectFixService - Build info for "/var/folders/bq/vtzpc5ns5sg2cthy61lqpg3dfzgbys/T/1577536312475-0/src/ClickShrinkEffect-master/shrinkeffect/build.gradle": [buildToolsVersion=<null>,compileSdkVersion=29,minSdkVersion=16,targetSdkVersion=29]
2019-12-28 19:31:56,266 INFO  ProjectFixService - Fixed build info for "/var/folders/bq/vtzpc5ns5sg2cthy61lqpg3dfzgbys/T/1577536312475-0/src/ClickShrinkEffect-master/shrinkeffect/build.gradle": [buildToolsVersion=28.0.0-rc2,compileSdkVersion=29,minSdkVersion=16,targetSdkVersion=29]
2019-12-28 19:31:56,267 INFO  LocalPropertiesFixService - Created fake /var/folders/bq/vtzpc5ns5sg2cthy61lqpg3dfzgbys/T/1577536312475-0/src/ClickShrinkEffect-master/local.properties
2019-12-28 19:31:56,267 INFO  WrapperPropertiesFixService - Gradle wrapper: https://services.gradle.org/distributions/gradle-5.4.1-all.zip
2019-12-28 19:31:56,268 INFO  WrapperPropertiesFixService - Gradle wrapper was changed from "-all.zip" to "-bin.zip" (https://services.gradle.org/distributions/gradle-5.4.1-bin.zip)
2019-12-28 19:31:56,269 INFO  ProjectFixService - Build info for "/var/folders/bq/vtzpc5ns5sg2cthy61lqpg3dfzgbys/T/1577536312475-0/src/ClickShrinkEffect-master/build.gradle": [buildToolsVersion=<null>,compileSdkVersion=29,minSdkVersion=16,targetSdkVersion=29]
2019-12-28 19:31:56,269 INFO  ProjectFixService - Fixed build info for "/var/folders/bq/vtzpc5ns5sg2cthy61lqpg3dfzgbys/T/1577536312475-0/src/ClickShrinkEffect-master/build.gradle": [buildToolsVersion=28.0.0-rc2,compileSdkVersion=29,minSdkVersion=16,targetSdkVersion=29]
2019-12-28 19:31:56,269 INFO  ProjectFixService - Project was maybe fixed
2019-12-28 19:31:56,270 INFO  ProjectTaskService - Detecting possible tasks...
2019-12-28 19:31:56,270 INFO  SysUtils - Execute command: [/var/folders/bq/vtzpc5ns5sg2cthy61lqpg3dfzgbys/T/1577536312475-0/src/ClickShrinkEffect-master/gradlew, -b, /var/folders/bq/vtzpc5ns5sg2cthy61lqpg3dfzgbys/T/1577536312475-0/src/ClickShrinkEffect-master/app/build.gradle, -Dorg.gradle.daemon=false, -Dorg.gradle.daemon.performance.enable-monitoring=false, -Dorg.gradle.configureondemand=true, tasks]
2019-12-28 19:32:04,458 INFO  ProjectTaskService - Detected possible tasks: 69
2019-12-28 19:32:04,458 INFO  ProjectTaskService - Excluded tasks (21): lintDebug javadocJar deviceCheck lint testReleaseUnitTest javadoc uninstallRelease deviceAndroidTest uninstallDebugAndroidTest installDebugAndroidTest connectedCheck connectedDebugAndroidTest uninstallAll sourcesJar test check testDebugUnitTest connectedAndroidTest installDebug lintRelease uninstallDebug
2019-12-28 19:32:04,459 INFO  SysUtils - Execute command: [/var/folders/bq/vtzpc5ns5sg2cthy61lqpg3dfzgbys/T/1577536312475-0/src/ClickShrinkEffect-master/gradlew, -b, /var/folders/bq/vtzpc5ns5sg2cthy61lqpg3dfzgbys/T/1577536312475-0/src/ClickShrinkEffect-master/app/build.gradle, -Dorg.gradle.daemon=false, -Dorg.gradle.daemon.performance.enable-monitoring=false, -Dorg.gradle.configureondemand=true, --stacktrace, -x, lintDebug, -x, javadocJar, -x, deviceCheck, -x, lint, -x, testReleaseUnitTest, -x, javadoc, -x, uninstallRelease, -x, deviceAndroidTest, -x, uninstallDebugAndroidTest, -x, installDebugAndroidTest, -x, connectedCheck, -x, connectedDebugAndroidTest, -x, uninstallAll, -x, sourcesJar, -x, test, -x, check, -x, testDebugUnitTest, -x, connectedAndroidTest, -x, installDebug, -x, lintRelease, -x, uninstallDebug, build]
2019-12-28 19:32:09,973 ERROR SysUtils - Could not process external command
org.apache.commons.exec.ExecuteException: Process exited with an error: 1 (Exit value: 1)
	at org.apache.commons.exec.DefaultExecutor.executeInternal(DefaultExecutor.java:404)
	at org.apache.commons.exec.DefaultExecutor.execute(DefaultExecutor.java:166)
	at com.github.vbauer.apkmaster.util.SysUtils.execute(SysUtils.java:67)
	at com.github.vbauer.apkmaster.util.SysUtils.executeSimple(SysUtils.java:43)
	at com.github.vbauer.apkmaster.service.assembly.ProjectBuildService.buildProject(ProjectBuildService.java:78)
	at com.github.vbauer.apkmaster.service.assembly.ProjectBuildService.buildProject(ProjectBuildService.java:64)
	at com.github.vbauer.apkmaster.service.assembly.ProjectBuildService.buildProject(ProjectBuildService.java:43)
	at com.github.vbauer.apkmaster.service.FullProcessService.build(FullProcessService.java:84)
	at com.github.vbauer.apkmaster.service.FullProcessService.process(FullProcessService.java:34)
	at com.github.vbauer.apkmaster.app.MainApplication.process(MainApplication.java:38)
	at com.github.vbauer.apkmaster.app.MainApplication.main(MainApplication.java:20)
	at sun.reflect.NativeMethodAccessorImpl.invoke0(Native Method)
	at sun.reflect.NativeMethodAccessorImpl.invoke(NativeMethodAccessorImpl.java:62)
	at sun.reflect.DelegatingMethodAccessorImpl.invoke(DelegatingMethodAccessorImpl.java:43)
	at java.lang.reflect.Method.invoke(Method.java:498)
	at com.android.arsenal.util.ReflectionUtils.invoke(ReflectionUtils.java:52)
	at com.android.arsenal.util.ApkMasterUtils.main(ApkMasterUtils.java:30)
	at com.android.arsenal.service.processor.impl.BuildProcessorServiceImpl.buildProject(BuildProcessorServiceImpl.java:196)
	at com.android.arsenal.service.processor.impl.BuildProcessorServiceImpl.build(BuildProcessorServiceImpl.java:130)
	at com.android.arsenal.service.processor.impl.BuildProcessorServiceImpl.lambda$null$1(BuildProcessorServiceImpl.java:113)
	at java.util.concurrent.FutureTask.run(FutureTask.java:266)
	at java.util.concurrent.Executors$RunnableAdapter.call(Executors.java:511)
	at java.util.concurrent.FutureTask.run(FutureTask.java:266)
	at java.util.concurrent.ThreadPoolExecutor.runWorker(ThreadPoolExecutor.java:1149)
	at java.util.concurrent.ThreadPoolExecutor$Worker.run(ThreadPoolExecutor.java:624)
	at java.lang.Thread.run(Thread.java:748)
2019-12-28 19:32:09,973 INFO  SysUtils - Configuration on demand is an incubating feature.

FAILURE: Build failed with an exception.

* What went wrong:
Task 'javadocJar' not found in project ':app'.

* Try:
Run gradlew tasks to get a list of available tasks. Run with --info or --debug option to get more log output. Run with --scan to get full insights.

* Exception is:
org.gradle.execution.TaskSelectionException: Task 'javadocJar' not found in project ':app'.
	at org.gradle.execution.TaskSelector.getSelection(TaskSelector.java:116)
	at org.gradle.execution.TaskSelector.getFilter(TaskSelector.java:66)
	at org.gradle.execution.ExcludedTaskFilteringBuildConfigurationAction.configure(ExcludedTaskFilteringBuildConfigurationAction.java:42)
	at org.gradle.execution.DefaultBuildConfigurationActionExecuter.configure(DefaultBuildConfigurationActionExecuter.java:57)
	at org.gradle.execution.DefaultBuildConfigurationActionExecuter.access$200(DefaultBuildConfigurationActionExecuter.java:26)
	at org.gradle.execution.DefaultBuildConfigurationActionExecuter$1.run(DefaultBuildConfigurationActionExecuter.java:43)
	at org.gradle.internal.Factories$1.create(Factories.java:25)
	at org.gradle.api.internal.project.DefaultProjectStateRegistry.withLenientState(DefaultProjectStateRegistry.java:132)
	at org.gradle.api.internal.project.DefaultProjectStateRegistry.withLenientState(DefaultProjectStateRegistry.java:124)
	at org.gradle.execution.DefaultBuildConfigurationActionExecuter.select(DefaultBuildConfigurationActionExecuter.java:39)
	at org.gradle.initialization.DefaultGradleLauncher$CalculateTaskGraph.run(DefaultGradleLauncher.java:333)
	at org.gradle.internal.operations.DefaultBuildOperationExecutor$RunnableBuildOperationWorker.execute(DefaultBuildOperationExecutor.java:402)
	at org.gradle.internal.operations.DefaultBuildOperationExecutor$RunnableBuildOperationWorker.execute(DefaultBuildOperationExecutor.java:394)
	at org.gradle.internal.operations.DefaultBuildOperationExecutor$1.execute(DefaultBuildOperationExecutor.java:165)
	at org.gradle.internal.operations.DefaultBuildOperationExecutor.execute(DefaultBuildOperationExecutor.java:250)
	at org.gradle.internal.operations.DefaultBuildOperationExecutor.execute(DefaultBuildOperationExecutor.java:158)
	at org.gradle.internal.operations.DefaultBuildOperationExecutor.run(DefaultBuildOperationExecutor.java:92)
	at org.gradle.internal.operations.DelegatingBuildOperationExecutor.run(DelegatingBuildOperationExecutor.java:31)
	at org.gradle.initialization.DefaultGradleLauncher.constructTaskGraph(DefaultGradleLauncher.java:218)
	at org.gradle.initialization.DefaultGradleLauncher.doBuildStages(DefaultGradleLauncher.java:155)
	at org.gradle.initialization.DefaultGradleLauncher.executeTasks(DefaultGradleLauncher.java:134)
	at org.gradle.internal.invocation.GradleBuildController$1.execute(GradleBuildController.java:58)
	at org.gradle.internal.invocation.GradleBuildController$1.execute(GradleBuildController.java:55)
	at org.gradle.internal.invocation.GradleBuildController$3.create(GradleBuildController.java:82)
	at org.gradle.internal.invocation.GradleBuildController$3.create(GradleBuildController.java:75)
	at org.gradle.internal.work.DefaultWorkerLeaseService.withLocks(DefaultWorkerLeaseService.java:183)
	at org.gradle.internal.work.StopShieldingWorkerLeaseService.withLocks(StopShieldingWorkerLeaseService.java:40)
	at org.gradle.internal.invocation.GradleBuildController.doBuild(GradleBuildController.java:75)
	at org.gradle.internal.invocation.GradleBuildController.run(GradleBuildController.java:55)
	at org.gradle.tooling.internal.provider.ExecuteBuildActionRunner.run(ExecuteBuildActionRunner.java:31)
	at org.gradle.launcher.exec.ChainingBuildActionRunner.run(ChainingBuildActionRunner.java:35)
	at org.gradle.launcher.exec.BuildOutcomeReportingBuildActionRunner.run(BuildOutcomeReportingBuildActionRunner.java:58)
	at org.gradle.tooling.internal.provider.ValidatingBuildActionRunner.run(ValidatingBuildActionRunner.java:32)
	at org.gradle.launcher.exec.BuildCompletionNotifyingBuildActionRunner.run(BuildCompletionNotifyingBuildActionRunner.java:39)
	at org.gradle.launcher.exec.RunAsBuildOperationBuildActionRunner$3.call(RunAsBuildOperationBuildActionRunner.java:51)
	at org.gradle.launcher.exec.RunAsBuildOperationBuildActionRunner$3.call(RunAsBuildOperationBuildActionRunner.java:45)
	at org.gradle.internal.operations.DefaultBuildOperationExecutor$CallableBuildOperationWorker.execute(DefaultBuildOperationExecutor.java:416)
	at org.gradle.internal.operations.DefaultBuildOperationExecutor$CallableBuildOperationWorker.execute(DefaultBuildOperationExecutor.java:406)
	at org.gradle.internal.operations.DefaultBuildOperationExecutor$1.execute(DefaultBuildOperationExecutor.java:165)
	at org.gradle.internal.operations.DefaultBuildOperationExecutor.execute(DefaultBuildOperationExecutor.java:250)
	at org.gradle.internal.operations.DefaultBuildOperationExecutor.execute(DefaultBuildOperationExecutor.java:158)
	at org.gradle.internal.operations.DefaultBuildOperationExecutor.call(DefaultBuildOperationExecutor.java:102)
	at org.gradle.internal.operations.DelegatingBuildOperationExecutor.call(DelegatingBuildOperationExecutor.java:36)
	at org.gradle.launcher.exec.RunAsBuildOperationBuildActionRunner.run(RunAsBuildOperationBuildActionRunner.java:45)
	at org.gradle.launcher.exec.InProcessBuildActionExecuter$1.transform(InProcessBuildActionExecuter.java:49)
	at org.gradle.launcher.exec.InProcessBuildActionExecuter$1.transform(InProcessBuildActionExecuter.java:46)
	at org.gradle.composite.internal.DefaultRootBuildState.run(DefaultRootBuildState.java:78)
	at org.gradle.launcher.exec.InProcessBuildActionExecuter.execute(InProcessBuildActionExecuter.java:46)
	at org.gradle.launcher.exec.InProcessBuildActionExecuter.execute(InProcessBuildActionExecuter.java:31)
	at org.gradle.launcher.exec.BuildTreeScopeBuildActionExecuter.execute(BuildTreeScopeBuildActionExecuter.java:42)
	at org.gradle.launcher.exec.BuildTreeScopeBuildActionExecuter.execute(BuildTreeScopeBuildActionExecuter.java:28)
	at org.gradle.tooling.internal.provider.ContinuousBuildActionExecuter.execute(ContinuousBuildActionExecuter.java:78)
	at org.gradle.tooling.internal.provider.ContinuousBuildActionExecuter.execute(ContinuousBuildActionExecuter.java:52)
	at org.gradle.tooling.internal.provider.SubscribableBuildActionExecuter.execute(SubscribableBuildActionExecuter.java:59)
	at org.gradle.tooling.internal.provider.SubscribableBuildActionExecuter.execute(SubscribableBuildActionExecuter.java:36)
	at org.gradle.tooling.internal.provider.SessionScopeBuildActionExecuter.execute(SessionScopeBuildActionExecuter.java:68)
	at org.gradle.tooling.internal.provider.SessionScopeBuildActionExecuter.execute(SessionScopeBuildActionExecuter.java:38)
	at org.gradle.tooling.internal.provider.GradleThreadBuildActionExecuter.execute(GradleThreadBuildActionExecuter.java:37)
	at org.gradle.tooling.internal.provider.GradleThreadBuildActionExecuter.execute(GradleThreadBuildActionExecuter.java:26)
	at org.gradle.tooling.internal.provider.ParallelismConfigurationBuildActionExecuter.execute(ParallelismConfigurationBuildActionExecuter.java:43)
	at org.gradle.tooling.internal.provider.ParallelismConfigurationBuildActionExecuter.execute(ParallelismConfigurationBuildActionExecuter.java:29)
	at org.gradle.tooling.internal.provider.StartParamsValidatingActionExecuter.execute(StartParamsValidatingActionExecuter.java:60)
	at org.gradle.tooling.internal.provider.StartParamsValidatingActionExecuter.execute(StartParamsValidatingActionExecuter.java:32)
	at org.gradle.tooling.internal.provider.SessionFailureReportingActionExecuter.execute(SessionFailureReportingActionExecuter.java:55)
	at org.gradle.tooling.internal.provider.SessionFailureReportingActionExecuter.execute(SessionFailureReportingActionExecuter.java:41)
	at org.gradle.tooling.internal.provider.SetupLoggingActionExecuter.execute(SetupLoggingActionExecuter.java:48)
	at org.gradle.tooling.internal.provider.SetupLoggingActionExecuter.execute(SetupLoggingActionExecuter.java:32)
	at org.gradle.launcher.cli.RunBuildAction.run(RunBuildAction.java:55)
	at org.gradle.internal.Actions$RunnableActionAdapter.execute(Actions.java:208)
	at org.gradle.launcher.cli.CommandLineActionFactory$ParseAndBuildAction.execute(CommandLineActionFactory.java:394)
	at org.gradle.launcher.cli.CommandLineActionFactory$ParseAndBuildAction.execute(CommandLineActionFactory.java:367)
	at org.gradle.launcher.cli.ExceptionReportingAction.execute(ExceptionReportingAction.java:37)
	at org.gradle.launcher.cli.ExceptionReportingAction.execute(ExceptionReportingAction.java:23)
	at org.gradle.launcher.cli.CommandLineActionFactory$WithLogging.execute(CommandLineActionFactory.java:360)
	at org.gradle.launcher.cli.CommandLineActionFactory$WithLogging.execute(CommandLineActionFactory.java:292)
	at org.gradle.launcher.Main.doAction(Main.java:36)
	at org.gradle.launcher.bootstrap.EntryPoint.run(EntryPoint.java:45)
	at org.gradle.launcher.bootstrap.ProcessBootstrap.runNoExit(ProcessBootstrap.java:60)
	at org.gradle.launcher.bootstrap.ProcessBootstrap.run(ProcessBootstrap.java:37)
	at org.gradle.launcher.GradleMain.main(GradleMain.java:23)
	at org.gradle.wrapper.BootstrapMainStarter.start(BootstrapMainStarter.java:31)
	at org.gradle.wrapper.WrapperExecutor.execute(WrapperExecutor.java:108)
	at org.gradle.wrapper.GradleWrapperMain.main(GradleWrapperMain.java:61)


* Get more help at https://help.gradle.org

BUILD FAILED in 5s

2019-12-28 19:32:09,973 ERROR ProjectBuildService - Excluded tasks were detected wrong
2019-12-28 19:32:09,974 INFO  SysUtils - Execute command: [/var/folders/bq/vtzpc5ns5sg2cthy61lqpg3dfzgbys/T/1577536312475-0/src/ClickShrinkEffect-master/gradlew, -b, /var/folders/bq/vtzpc5ns5sg2cthy61lqpg3dfzgbys/T/1577536312475-0/src/ClickShrinkEffect-master/app/build.gradle, -Dorg.gradle.daemon=false, -Dorg.gradle.daemon.performance.enable-monitoring=false, -Dorg.gradle.configureondemand=true, --stacktrace, build]
2019-12-28 19:33:17,375 INFO  SysUtils - Configuration on demand is an incubating feature.
> Task :app:preBuild UP-TO-DATE
> Task :app:preDebugBuild UP-TO-DATE
> Task :shrinkeffect:preBuild UP-TO-DATE
> Task :shrinkeffect:preDebugBuild UP-TO-DATE
> Task :shrinkeffect:compileDebugAidl NO-SOURCE
> Task :app:compileDebugAidl NO-SOURCE
> Task :shrinkeffect:packageDebugRenderscript NO-SOURCE
> Task :app:compileDebugRenderscript NO-SOURCE
> Task :app:checkDebugManifest
> Task :app:generateDebugBuildConfig
> Task :app:mainApkListPersistenceDebug
> Task :app:generateDebugResValues
> Task :app:generateDebugResources
> Task :shrinkeffect:generateDebugResValues
> Task :shrinkeffect:compileDebugRenderscript NO-SOURCE
> Task :shrinkeffect:generateDebugResources
> Task :shrinkeffect:packageDebugResources
> Task :app:createDebugCompatibleScreenManifests
> Task :shrinkeffect:checkDebugManifest
> Task :app:mergeDebugResources
> Task :shrinkeffect:processDebugManifest
> Task :app:processDebugManifest
> Task :shrinkeffect:parseDebugLibraryResources
> Task :shrinkeffect:generateDebugBuildConfig
> Task :app:mergeDebugShaders
> Task :app:compileDebugShaders
> Task :app:generateDebugAssets
> Task :shrinkeffect:mergeDebugShaders
> Task :shrinkeffect:compileDebugShaders
> Task :shrinkeffect:generateDebugAssets
> Task :shrinkeffect:packageDebugAssets
> Task :app:mergeDebugAssets
> Task :app:processDebugJavaRes NO-SOURCE
> Task :shrinkeffect:processDebugJavaRes NO-SOURCE
> Task :shrinkeffect:generateDebugRFile
> Task :app:processDebugResources
> Task :shrinkeffect:compileDebugKotlin
> Task :app:checkDebugDuplicateClasses
> Task :shrinkeffect:javaPreCompileDebug
> Task :shrinkeffect:compileDebugJavaWithJavac
> Task :shrinkeffect:bundleLibResDebug
> Task :shrinkeffect:bundleLibCompileDebug
> Task :app:compileDebugKotlin
> Task :shrinkeffect:bundleLibRuntimeDebug
> Task :app:javaPreCompileDebug
> Task :app:compileDebugJavaWithJavac
> Task :app:compileDebugSources
> Task :app:mergeDebugJavaResource
> Task :app:transformClassesWithDexBuilderForDebug
> Task :app:desugarDebugFileDependencies
> Task :app:validateSigningDebug
> Task :app:signingConfigWriterDebug
> Task :app:mergeDebugJniLibFolders
> Task :shrinkeffect:mergeDebugJniLibFolders
> Task :app:preReleaseBuild UP-TO-DATE
> Task :shrinkeffect:preReleaseBuild UP-TO-DATE
> Task :shrinkeffect:compileReleaseAidl NO-SOURCE
> Task :app:compileReleaseAidl NO-SOURCE
> Task :shrinkeffect:packageReleaseRenderscript NO-SOURCE
> Task :app:compileReleaseRenderscript NO-SOURCE
> Task :app:checkReleaseManifest
> Task :app:generateReleaseBuildConfig
> Task :app:mainApkListPersistenceRelease
> Task :app:generateReleaseResValues
> Task :app:generateReleaseResources
> Task :shrinkeffect:compileReleaseRenderscript NO-SOURCE
> Task :shrinkeffect:generateReleaseResValues
> Task :shrinkeffect:generateReleaseResources
> Task :shrinkeffect:packageReleaseResources
> Task :app:createReleaseCompatibleScreenManifests
> Task :shrinkeffect:checkReleaseManifest
> Task :shrinkeffect:processReleaseManifest
> Task :app:processReleaseManifest
> Task :shrinkeffect:generateReleaseBuildConfig
> Task :shrinkeffect:mergeDebugNativeLibs
> Task :shrinkeffect:stripDebugDebugSymbols
> Task :shrinkeffect:transformNativeLibsWithIntermediateJniLibsForDebug
> Task :app:mergeReleaseResources
> Task :shrinkeffect:parseReleaseLibraryResources
> Task :app:mergeDebugNativeLibs
> Task :app:stripDebugDebugSymbols
> Task :app:prepareLintJar
> Task :app:checkReleaseDuplicateClasses
> Task :shrinkeffect:prepareLintJarForPublish
> Task :shrinkeffect:generateReleaseRFile
> Task :app:processReleaseResources
> Task :shrinkeffect:compileReleaseKotlin
> Task :shrinkeffect:javaPreCompileRelease
> Task :shrinkeffect:compileReleaseJavaWithJavac
> Task :shrinkeffect:bundleLibCompileRelease
> Task :app:compileReleaseKotlin
> Task :shrinkeffect:bundleLibRuntimeRelease
> Task :app:javaPreCompileRelease
> Task :app:compileReleaseJavaWithJavac
> Task :app:compileReleaseSources
> Task :app:lintVitalRelease SKIPPED
> Task :app:desugarReleaseFileDependencies
> Task :app:transformClassesWithDexBuilderForRelease
> Task :app:mergeReleaseShaders
> Task :app:compileReleaseShaders
> Task :app:generateReleaseAssets
> Task :shrinkeffect:mergeReleaseShaders
> Task :shrinkeffect:compileReleaseShaders
> Task :shrinkeffect:generateReleaseAssets
> Task :shrinkeffect:packageReleaseAssets
> Task :app:mergeReleaseAssets
> Task :app:processReleaseJavaRes NO-SOURCE
> Task :shrinkeffect:processReleaseJavaRes NO-SOURCE
> Task :app:signingConfigWriterRelease
> Task :app:mergeReleaseJniLibFolders
> Task :shrinkeffect:mergeReleaseJniLibFolders
> Task :shrinkeffect:bundleLibResRelease
> Task :shrinkeffect:mergeReleaseNativeLibs
> Task :shrinkeffect:stripReleaseDebugSymbols
> Task :shrinkeffect:transformNativeLibsWithIntermediateJniLibsForRelease

> Task :app:lint
Calling mockable JAR artifact transform to create file: /Users/vbauer/.gradle/caches/transforms-2/files-2.1/62ff76f1866c70ecea9b6497c165c987/android.jar with input /Users/vbauer/Library/Android/sdk/platforms/android-29/android.jar
Ran lint on variant debug: 1 issues found
Ran lint on variant release: 1 issues found
Wrote HTML report to file:///private/var/folders/bq/vtzpc5ns5sg2cthy61lqpg3dfzgbys/T/1577536312475-0/src/ClickShrinkEffect-master/app/build/reports/lint-results.html
Wrote XML report to file:///private/var/folders/bq/vtzpc5ns5sg2cthy61lqpg3dfzgbys/T/1577536312475-0/src/ClickShrinkEffect-master/app/build/reports/lint-results.xml

> Task :app:mergeReleaseNativeLibs
> Task :app:stripReleaseDebugSymbols
> Task :app:mergeExtDexDebug
> Task :app:mergeReleaseJavaResource
> Task :app:compileDebugUnitTestKotlin
> Task :app:preDebugUnitTestBuild UP-TO-DATE
> Task :app:processDebugUnitTestJavaRes NO-SOURCE
> Task :app:compileReleaseUnitTestKotlin
> Task :app:preReleaseUnitTestBuild UP-TO-DATE
> Task :app:processReleaseUnitTestJavaRes NO-SOURCE
> Task :app:javaPreCompileDebugUnitTest
> Task :app:compileDebugUnitTestJavaWithJavac NO-SOURCE
> Task :app:testDebugUnitTest
> Task :app:javaPreCompileReleaseUnitTest
> Task :app:compileReleaseUnitTestJavaWithJavac NO-SOURCE
> Task :app:testReleaseUnitTest
> Task :app:test
> Task :app:check
> Task :app:mergeDexDebug
> Task :app:packageDebug
> Task :app:assembleDebug
> Task :app:mergeExtDexRelease
> Task :app:mergeDexRelease
> Task :app:packageRelease
> Task :app:assembleRelease
> Task :app:assemble
> Task :app:build

Deprecated Gradle features were used in this build, making it incompatible with Gradle 6.0.
Use '--warning-mode all' to show the individual deprecation warnings.
See https://docs.gradle.org/5.4.1/userguide/command_line_interface.html#sec:command_line_warnings

BUILD SUCCESSFUL in 1m 6s
100 actionable tasks: 100 executed

2019-12-28 19:33:17,467 INFO  FullProcessService - Found APK file: /var/folders/bq/vtzpc5ns5sg2cthy61lqpg3dfzgbys/T/1577536312475-0/src/ClickShrinkEffect-master/app/build/outputs/apk/debug/app-debug.apk
